FAILURE: Build failed with an exception.

* What went wrong:
Could not open settings generic class cache for settings file 'D:\Projects\Flutter\honeywell_scanner\example\android\settings.gradle' (C:\Users\admin\.gradle\caches\6.8.2\scripts\3fohoihpffbm2sua47cs6j2fz).
> BUG! exception in phase 'semantic analysis' in source unit '_BuildScript_' Unsupported class file major version 61

* Try:
Run with --stacktrace option to get the stack trace. Run with --info or --debug option to get more log output. Run with --scan to get full insights.

* Get more help at https://help.gradle.org

BUILD FAILED in 1s

┌─ Flutter Fix ─────────────────────────────────────────────────────────────┐
│ [!] Your project's Gradle version is incompatible with the Java version that Flutter is using  │
│ for Gradle.                                                                                    │
│                                                                                                │
│ To fix this issue, first, check the Java version used by Flutter by running `flutter doctor    │
│ --verbose`.                                                                                    │
│                                                                                                │
│ Then, update the Gradle version specified in                                                   │
│ D:\Projects\Flutter\honeywell_scanner\example\android\gradle\wrapper\gradle-wrapper.properties │
│ to be compatible with that Java version. See the link below for more information on compatible │
│ Java/Gradle versions:                                                                          │
│ https://docs.gradle.org/current/userguide/compatibility.html#java                              │
│                                                                                                │
│                                                                                                │
└────────────────────────────────────────────────────────────────────────┘
Exception: Gradle task assembleDebug failed with exit code 1


===>>>>> on this error use this tricks

change the java verion  related to gradle version
version checking:Gradle -version

and check related version in this website ==> https://docs.gradle.org/current/userguide/compatibility.html#java

Add this line in gradle-wrapper.properties => distributionUrl=https\://services.gradle.org/distributions/gradle-6.7-all.zip 

change/add java version in gradle.properties file ==> org.gradle.java.home=C:/Program Files/Java/jdk-11 //(change the current installed java version)


========================================================================
